Start testing: Apr 10 01:09 CEST
----------------------------------------------------------
1/2 Testing: unity.test_applyModeSwitchInput
1/2 Test: unity.test_applyModeSwitchInput
Command: "/home/henri-32/Softwareprojekte/Arduinoprojekte/Heizungssteuerung_git/build-tests/test_unity_entry" "test_applyModeSwitchInput"
Directory: /home/henri-32/Softwareprojekte/Arduinoprojekte/Heizungssteuerung_git/build-tests
"unity.test_applyModeSwitchInput" start time: Apr 10 01:09 CEST
Output:
----------------------------------------------------------
:1:test_applyModeSwitchInput:PASS

-----------------------
1 Tests 0 Failures 0 Ignored 
OK
<end of output>
Test time =   0.00 sec
----------------------------------------------------------
Test Passed.
"unity.test_applyModeSwitchInput" end time: Apr 10 01:09 CEST
"unity.test_applyModeSwitchInput" time elapsed: 00:00:00
----------------------------------------------------------

2/2 Testing: unity.test_applyPowerSwitchInput
2/2 Test: unity.test_applyPowerSwitchInput
Command: "/home/henri-32/Softwareprojekte/Arduinoprojekte/Heizungssteuerung_git/build-tests/test_unity_entry" "test_applyPowerSwitchInput"
Directory: /home/henri-32/Softwareprojekte/Arduinoprojekte/Heizungssteuerung_git/build-tests
"unity.test_applyPowerSwitchInput" start time: Apr 10 01:09 CEST
Output:
----------------------------------------------------------
:2:test_applyPowerSwitchInput:PASS

-----------------------
1 Tests 0 Failures 0 Ignored 
OK
<end of output>
Test time =   0.00 sec
----------------------------------------------------------
Test Passed.
"unity.test_applyPowerSwitchInput" end time: Apr 10 01:09 CEST
"unity.test_applyPowerSwitchInput" time elapsed: 00:00:00
----------------------------------------------------------

End testing: Apr 10 01:09 CEST
